2004.05.13 10:54 B C:\Roy\ballandclaw.com\greatstreets\thumbnails\ahmedabad.jpg --> malt.dreamhost.com /ballandclaw.com/greatstreets/greatstreets/thumbnails ahmedabad.jpg
2004.05.13 10:54 B C:\Roy\ballandclaw.com\greatstreets\thumbnails\aixenprovence.jpg --> malt.dreamhost.com /ballandclaw.com/greatstreets/greatstreets/thumbnails aixenprovence.jpg
2004.05.13 10:54 B C:\Roy\ballandclaw.com\greatstreets\thumbnails\amsterdam.jpg --> malt.dreamhost.com /ballandclaw.com/greatstreets/greatstreets/thumbnails amsterdam.jpg
2004.05.13 10:54 B C:\Roy\ballandclaw.com\greatstreets\thumbnails\barcelonagracias.jpg --> malt.dreamhost.com /ballandclaw.com/greatstreets/greatstreets/thumbnails barcelonagracias.jpg
2004.05.13 10:54 B C:\Roy\ballandclaw.com\greatstreets\thumbnails\barcelonaramblas.jpg --> malt.dreamhost.com /ballandclaw.com/greatstreets/greatstreets/thumbnails barcelonaramblas.jpg
2004.05.13 10:54 B C:\Roy\ballandclaw.com\greatstreets\thumbnails\bari.jpg --> malt.dreamhost.com /ballandclaw.com/greatstreets/greatstreets/thumbnails bari.jpg
2004.05.13 10:54 B C:\Roy\ballandclaw.com\greatstreets\thumbnails\bath.jpg --> malt.dreamhost.com /ballandclaw.com/greatstreets/greatstreets/thumbnails bath.jpg
2004.05.13 10:54 B C:\Roy\ballandclaw.com\greatstreets\thumbnails\berlin.jpg --> malt.dreamhost.com /ballandclaw.com/greatstreets/greatstreets/thumbnails berlin.jpg
2004.05.13 10:54 B C:\Roy\ballandclaw.com\greatstreets\thumbnails\bolognacenter.jpg --> malt.dreamhost.com /ballandclaw.com/greatstreets/greatstreets/thumbnails bolognacenter.jpg
2004.05.13 10:54 B C:\Roy\ballandclaw.com\greatstreets\thumbnails\bolognavia.jpg --> malt.dreamhost.com /ballandclaw.com/greatstreets/greatstreets/thumbnails bolognavia.jpg
2004.05.13 10:54 B C:\Roy\ballandclaw.com\greatstreets\thumbnails\boston.jpg --> malt.dreamhost.com /ballandclaw.com/greatstreets/greatstreets/thumbnails boston.jpg
2004.05.13 10:54 B C:\Roy\ballandclaw.com\greatstreets\thumbnails\brasilia.jpg --> malt.dreamhost.com /ballandclaw.com/greatstreets/greatstreets/thumbnails brasilia.jpg
2004.05.13 10:54 B C:\Roy\ballandclaw.com\greatstreets\thumbnails\cairo.jpg --> malt.dreamhost.com /ballandclaw.com/greatstreets/greatstreets/thumbnails cairo.jpg
2004.05.13 10:54 B C:\Roy\ballandclaw.com\greatstreets\thumbnails\copenhagen.jpg --> malt.dreamhost.com /ballandclaw.com/greatstreets/greatstreets/thumbnails copenhagen.jpg
2004.05.13 10:54 B C:\Roy\ballandclaw.com\greatstreets\thumbnails\florence.jpg --> malt.dreamhost.com /ballandclaw.com/greatstreets/greatstreets/thumbnails florence.jpg
2004.05.13 10:54 B C:\Roy\ballandclaw.com\greatstreets\thumbnails\irvinebusiness.jpg --> malt.dreamhost.com /ballandclaw.com/greatstreets/greatstreets/thumbnails irvinebusiness.jpg
2004.05.13 10:54 B C:\Roy\ballandclaw.com\greatstreets\thumbnails\irvineresidential.jpg --> malt.dreamhost.com /ballandclaw.com/greatstreets/greatstreets/thumbnails irvineresidential.jpg
2004.05.13 10:54 B C:\Roy\ballandclaw.com\greatstreets\thumbnails\londoncity.jpg --> malt.dreamhost.com /ballandclaw.com/greatstreets/greatstreets/thumbnails londoncity.jpg
2004.05.13 10:54 B C:\Roy\ballandclaw.com\greatstreets\thumbnails\londonmayfair.jpg --> malt.dreamhost.com /ballandclaw.com/greatstreets/greatstreets/thumbnails londonmayfair.jpg
2004.05.13 10:54 B C:\Roy\ballandclaw.com\greatstreets\thumbnails\losangeles.jpg --> malt.dreamhost.com /ballandclaw.com/greatstreets/greatstreets/thumbnails losangeles.jpg
2004.05.13 10:54 B C:\Roy\ballandclaw.com\greatstreets\thumbnails\losangelessf.jpg --> malt.dreamhost.com /ballandclaw.com/greatstreets/greatstreets/thumbnails losangelessf.jpg
2004.05.13 10:54 B C:\Roy\ballandclaw.com\greatstreets\thumbnails\lucca.jpg --> malt.dreamhost.com /ballandclaw.com/greatstreets/greatstreets/thumbnails lucca.jpg
2004.05.13 10:54 B C:\Roy\ballandclaw.com\greatstreets\thumbnails\madrid.jpg --> malt.dreamhost.com /ballandclaw.com/greatstreets/greatstreets/thumbnails madrid.jpg
2004.05.13 10:54 B C:\Roy\ballandclaw.com\greatstreets\thumbnails\newdelhi.jpg --> malt.dreamhost.com /ballandclaw.com/greatstreets/greatstreets/thumbnails newdelhi.jpg
2004.05.13 10:54 B C:\Roy\ballandclaw.com\greatstreets\thumbnails\newdelhiconnaught.jpg --> malt.dreamhost.com /ballandclaw.com/greatstreets/greatstreets/thumbnails newdelhiconnaught.jpg
2004.05.13 10:54 B C:\Roy\ballandclaw.com\greatstreets\thumbnails\newyork.jpg --> malt.dreamhost.com /ballandclaw.com/greatstreets/greatstreets/thumbnails newyork.jpg
2004.05.13 10:54 B C:\Roy\ballandclaw.com\greatstreets\thumbnails\newyorkmidtown.jpg --> malt.dreamhost.com /ballandclaw.com/greatstreets/greatstreets/thumbnails newyorkmidtown.jpg
2004.05.13 10:54 B C:\Roy\ballandclaw.com\greatstreets\thumbnails\oakland.jpg --> malt.dreamhost.com /ballandclaw.com/greatstreets/greatstreets/thumbnails oakland.jpg
2004.05.13 10:54 B C:\Roy\ballandclaw.com\greatstreets\thumbnails\parisetoile.jpg --> malt.dreamhost.com /ballandclaw.com/greatstreets/greatstreets/thumbnails parisetoile.jpg
2004.05.13 10:54 B C:\Roy\ballandclaw.com\greatstreets\thumbnails\parislouvre.jpg --> malt.dreamhost.com /ballandclaw.com/greatstreets/greatstreets/thumbnails parislouvre.jpg
2004.05.13 10:54 B C:\Roy\ballandclaw.com\greatstreets\thumbnails\philadelphia.jpg --> malt.dreamhost.com /ballandclaw.com/greatstreets/greatstreets/thumbnails philadelphia.jpg
2004.05.13 10:54 B C:\Roy\ballandclaw.com\greatstreets\thumbnails\portland.jpg --> malt.dreamhost.com /ballandclaw.com/greatstreets/greatstreets/thumbnails portland.jpg
2004.05.13 10:54 B C:\Roy\ballandclaw.com\greatstreets\thumbnails\richmond.jpg --> malt.dreamhost.com /ballandclaw.com/greatstreets/greatstreets/thumbnails richmond.jpg
2004.05.13 10:54 B C:\Roy\ballandclaw.com\greatstreets\thumbnails\rome.jpg --> malt.dreamhost.com /ballandclaw.com/greatstreets/greatstreets/thumbnails rome.jpg
2004.05.13 10:54 B C:\Roy\ballandclaw.com\greatstreets\thumbnails\sanfran.jpg --> malt.dreamhost.com /ballandclaw.com/greatstreets/greatstreets/thumbnails sanfran.jpg
2004.05.13 10:54 B C:\Roy\ballandclaw.com\greatstreets\thumbnails\sanfransunset.jpg --> malt.dreamhost.com /ballandclaw.com/greatstreets/greatstreets/thumbnails sanfransunset.jpg
2004.05.13 10:54 B C:\Roy\ballandclaw.com\greatstreets\thumbnails\santamonica.jpg --> malt.dreamhost.com /ballandclaw.com/greatstreets/greatstreets/thumbnails santamonica.jpg
2004.05.13 10:54 B C:\Roy\ballandclaw.com\greatstreets\thumbnails\savannah.jpg --> malt.dreamhost.com /ballandclaw.com/greatstreets/greatstreets/thumbnails savannah.jpg
2004.05.13 10:54 B C:\Roy\ballandclaw.com\greatstreets\thumbnails\seoul.jpg --> malt.dreamhost.com /ballandclaw.com/greatstreets/greatstreets/thumbnails seoul.jpg
2004.05.13 10:54 B C:\Roy\ballandclaw.com\greatstreets\thumbnails\tokyo.jpg --> malt.dreamhost.com /ballandclaw.com/greatstreets/greatstreets/thumbnails tokyo.jpg
2004.05.13 10:54 B C:\Roy\ballandclaw.com\greatstreets\thumbnails\toulouse.jpg --> malt.dreamhost.com /ballandclaw.com/greatstreets/greatstreets/thumbnails toulouse.jpg
2004.05.13 10:54 B C:\Roy\ballandclaw.com\greatstreets\thumbnails\toulouselemirail.jpg --> malt.dreamhost.com /ballandclaw.com/greatstreets/greatstreets/thumbnails toulouselemirail.jpg
2004.05.13 10:54 B C:\Roy\ballandclaw.com\greatstreets\thumbnails\venice.jpg --> malt.dreamhost.com /ballandclaw.com/greatstreets/greatstreets/thumbnails venice.jpg
2004.05.13 10:54 B C:\Roy\ballandclaw.com\greatstreets\thumbnails\vienna.jpg --> malt.dreamhost.com /ballandclaw.com/greatstreets/greatstreets/thumbnails vienna.jpg
2004.05.13 10:54 B C:\Roy\ballandclaw.com\greatstreets\thumbnails\walnutcreek.jpg --> malt.dreamhost.com /ballandclaw.com/greatstreets/greatstreets/thumbnails walnutcreek.jpg
2004.05.13 10:54 B C:\Roy\ballandclaw.com\greatstreets\thumbnails\washington.jpg --> malt.dreamhost.com /ballandclaw.com/greatstreets/greatstreets/thumbnails washington.jpg
2004.05.13 10:54 B C:\Roy\ballandclaw.com\greatstreets\thumbnails\zurich.jpg --> malt.dreamhost.com /ballandclaw.com/greatstreets/greatstreets/thumbnails zurich.jpg
2004.05.13 10:58 B C:\Roy\ballandclaw.com\greatstreets\thumbnails\ahmedabad.jpg --> malt.dreamhost.com /ballandclaw.com/greatstreets/thumbnails ahmedabad.jpg
2004.05.13 10:58 B C:\Roy\ballandclaw.com\greatstreets\thumbnails\aixenprovence.jpg --> malt.dreamhost.com /ballandclaw.com/greatstreets/thumbnails aixenprovence.jpg
2004.05.13 10:58 B C:\Roy\ballandclaw.com\greatstreets\thumbnails\amsterdam.jpg --> malt.dreamhost.com /ballandclaw.com/greatstreets/thumbnails amsterdam.jpg
2004.05.13 10:58 B C:\Roy\ballandclaw.com\greatstreets\thumbnails\barcelonagracias.jpg --> malt.dreamhost.com /ballandclaw.com/greatstreets/thumbnails barcelonagracias.jpg
2004.05.13 10:58 B C:\Roy\ballandclaw.com\greatstreets\thumbnails\barcelonaramblas.jpg --> malt.dreamhost.com /ballandclaw.com/greatstreets/thumbnails barcelonaramblas.jpg
2004.05.13 10:58 B C:\Roy\ballandclaw.com\greatstreets\thumbnails\bari.jpg --> malt.dreamhost.com /ballandclaw.com/greatstreets/thumbnails bari.jpg
2004.05.13 10:58 B C:\Roy\ballandclaw.com\greatstreets\thumbnails\bath.jpg --> malt.dreamhost.com /ballandclaw.com/greatstreets/thumbnails bath.jpg
2004.05.13 10:58 B C:\Roy\ballandclaw.com\greatstreets\thumbnails\berlin.jpg --> malt.dreamhost.com /ballandclaw.com/greatstreets/thumbnails berlin.jpg
2004.05.13 10:58 B C:\Roy\ballandclaw.com\greatstreets\thumbnails\bolognacenter.jpg --> malt.dreamhost.com /ballandclaw.com/greatstreets/thumbnails bolognacenter.jpg
2004.05.13 10:58 B C:\Roy\ballandclaw.com\greatstreets\thumbnails\bolognavia.jpg --> malt.dreamhost.com /ballandclaw.com/greatstreets/thumbnails bolognavia.jpg
2004.05.13 10:58 B C:\Roy\ballandclaw.com\greatstreets\thumbnails\boston.jpg --> malt.dreamhost.com /ballandclaw.com/greatstreets/thumbnails boston.jpg
2004.05.13 10:58 B C:\Roy\ballandclaw.com\greatstreets\thumbnails\brasilia.jpg --> malt.dreamhost.com /ballandclaw.com/greatstreets/thumbnails brasilia.jpg
2004.05.13 10:58 B C:\Roy\ballandclaw.com\greatstreets\thumbnails\cairo.jpg --> malt.dreamhost.com /ballandclaw.com/greatstreets/thumbnails cairo.jpg
2004.05.13 10:58 B C:\Roy\ballandclaw.com\greatstreets\thumbnails\copenhagen.jpg --> malt.dreamhost.com /ballandclaw.com/greatstreets/thumbnails copenhagen.jpg
2004.05.13 10:58 B C:\Roy\ballandclaw.com\greatstreets\thumbnails\florence.jpg --> malt.dreamhost.com /ballandclaw.com/greatstreets/thumbnails florence.jpg
2004.05.13 10:58 B C:\Roy\ballandclaw.com\greatstreets\thumbnails\irvinebusiness.jpg --> malt.dreamhost.com /ballandclaw.com/greatstreets/thumbnails irvinebusiness.jpg
2004.05.13 10:58 B C:\Roy\ballandclaw.com\greatstreets\thumbnails\irvineresidential.jpg --> malt.dreamhost.com /ballandclaw.com/greatstreets/thumbnails irvineresidential.jpg
2004.05.13 10:58 B C:\Roy\ballandclaw.com\greatstreets\thumbnails\londoncity.jpg --> malt.dreamhost.com /ballandclaw.com/greatstreets/thumbnails londoncity.jpg
2004.05.13 10:58 B C:\Roy\ballandclaw.com\greatstreets\thumbnails\londonmayfair.jpg --> malt.dreamhost.com /ballandclaw.com/greatstreets/thumbnails londonmayfair.jpg
2004.05.13 10:58 B C:\Roy\ballandclaw.com\greatstreets\thumbnails\losangeles.jpg --> malt.dreamhost.com /ballandclaw.com/greatstreets/thumbnails losangeles.jpg
2004.05.13 10:58 B C:\Roy\ballandclaw.com\greatstreets\thumbnails\losangelessf.jpg --> malt.dreamhost.com /ballandclaw.com/greatstreets/thumbnails losangelessf.jpg
2004.05.13 10:58 B C:\Roy\ballandclaw.com\greatstreets\thumbnails\lucca.jpg --> malt.dreamhost.com /ballandclaw.com/greatstreets/thumbnails lucca.jpg
2004.05.13 10:58 B C:\Roy\ballandclaw.com\greatstreets\thumbnails\madrid.jpg --> malt.dreamhost.com /ballandclaw.com/greatstreets/thumbnails madrid.jpg
2004.05.13 10:58 B C:\Roy\ballandclaw.com\greatstreets\thumbnails\newdelhi.jpg --> malt.dreamhost.com /ballandclaw.com/greatstreets/thumbnails newdelhi.jpg
2004.05.13 10:58 B C:\Roy\ballandclaw.com\greatstreets\thumbnails\newdelhiconnaught.jpg --> malt.dreamhost.com /ballandclaw.com/greatstreets/thumbnails newdelhiconnaught.jpg
2004.05.13 10:58 B C:\Roy\ballandclaw.com\greatstreets\thumbnails\newyork.jpg --> malt.dreamhost.com /ballandclaw.com/greatstreets/thumbnails newyork.jpg
2004.05.13 10:58 B C:\Roy\ballandclaw.com\greatstreets\thumbnails\newyorkmidtown.jpg --> malt.dreamhost.com /ballandclaw.com/greatstreets/thumbnails newyorkmidtown.jpg
2004.05.13 10:58 B C:\Roy\ballandclaw.com\greatstreets\thumbnails\oakland.jpg --> malt.dreamhost.com /ballandclaw.com/greatstreets/thumbnails oakland.jpg
2004.05.13 10:58 B C:\Roy\ballandclaw.com\greatstreets\thumbnails\parisetoile.jpg --> malt.dreamhost.com /ballandclaw.com/greatstreets/thumbnails parisetoile.jpg
2004.05.13 10:58 B C:\Roy\ballandclaw.com\greatstreets\thumbnails\parislouvre.jpg --> malt.dreamhost.com /ballandclaw.com/greatstreets/thumbnails parislouvre.jpg
2004.05.13 10:58 B C:\Roy\ballandclaw.com\greatstreets\thumbnails\philadelphia.jpg --> malt.dreamhost.com /ballandclaw.com/greatstreets/thumbnails philadelphia.jpg
2004.05.13 10:58 B C:\Roy\ballandclaw.com\greatstreets\thumbnails\portland.jpg --> malt.dreamhost.com /ballandclaw.com/greatstreets/thumbnails portland.jpg
2004.05.13 10:58 B C:\Roy\ballandclaw.com\greatstreets\thumbnails\richmond.jpg --> malt.dreamhost.com /ballandclaw.com/greatstreets/thumbnails richmond.jpg
2004.05.13 10:58 B C:\Roy\ballandclaw.com\greatstreets\thumbnails\rome.jpg --> malt.dreamhost.com /ballandclaw.com/greatstreets/thumbnails rome.jpg
2004.05.13 10:58 B C:\Roy\ballandclaw.com\greatstreets\thumbnails\sanfran.jpg --> malt.dreamhost.com /ballandclaw.com/greatstreets/thumbnails sanfran.jpg
2004.05.13 10:58 B C:\Roy\ballandclaw.com\greatstreets\thumbnails\sanfransunset.jpg --> malt.dreamhost.com /ballandclaw.com/greatstreets/thumbnails sanfransunset.jpg
2004.05.13 10:58 B C:\Roy\ballandclaw.com\greatstreets\thumbnails\santamonica.jpg --> malt.dreamhost.com /ballandclaw.com/greatstreets/thumbnails santamonica.jpg
2004.05.13 10:58 B C:\Roy\ballandclaw.com\greatstreets\thumbnails\savannah.jpg --> malt.dreamhost.com /ballandclaw.com/greatstreets/thumbnails savannah.jpg
2004.05.13 10:58 B C:\Roy\ballandclaw.com\greatstreets\thumbnails\seoul.jpg --> malt.dreamhost.com /ballandclaw.com/greatstreets/thumbnails seoul.jpg
2004.05.13 10:58 B C:\Roy\ballandclaw.com\greatstreets\thumbnails\tokyo.jpg --> malt.dreamhost.com /ballandclaw.com/greatstreets/thumbnails tokyo.jpg
2004.05.13 10:58 B C:\Roy\ballandclaw.com\greatstreets\thumbnails\toulouse.jpg --> malt.dreamhost.com /ballandclaw.com/greatstreets/thumbnails toulouse.jpg
2004.05.13 10:58 B C:\Roy\ballandclaw.com\greatstreets\thumbnails\toulouselemirail.jpg --> malt.dreamhost.com /ballandclaw.com/greatstreets/thumbnails toulouselemirail.jpg
2004.05.13 10:58 B C:\Roy\ballandclaw.com\greatstreets\thumbnails\venice.jpg --> malt.dreamhost.com /ballandclaw.com/greatstreets/thumbnails venice.jpg
2004.05.13 10:58 B C:\Roy\ballandclaw.com\greatstreets\thumbnails\vienna.jpg --> malt.dreamhost.com /ballandclaw.com/greatstreets/thumbnails vienna.jpg
2004.05.13 10:58 B C:\Roy\ballandclaw.com\greatstreets\thumbnails\walnutcreek.jpg --> malt.dreamhost.com /ballandclaw.com/greatstreets/thumbnails walnutcreek.jpg
2004.05.13 10:58 B C:\Roy\ballandclaw.com\greatstreets\thumbnails\washington.jpg --> malt.dreamhost.com /ballandclaw.com/greatstreets/thumbnails washington.jpg
2004.05.13 10:58 B C:\Roy\ballandclaw.com\greatstreets\thumbnails\WS_FTP.LOG --> malt.dreamhost.com /ballandclaw.com/greatstreets/thumbnails WS_FTP.LOG
2004.05.13 10:58 B C:\Roy\ballandclaw.com\greatstreets\thumbnails\zurich.jpg --> malt.dreamhost.com /ballandclaw.com/greatstreets/thumbnails zurich.jpg
