2004.05.13 10:53 B C:\Roy\ballandclaw.com\greatstreets\images\ahmedabad.jpg --> malt.dreamhost.com /ballandclaw.com/greatstreets/greatstreets/images ahmedabad.jpg
2004.05.13 10:53 B C:\Roy\ballandclaw.com\greatstreets\images\aixenprovence.jpg --> malt.dreamhost.com /ballandclaw.com/greatstreets/greatstreets/images aixenprovence.jpg
2004.05.13 10:53 B C:\Roy\ballandclaw.com\greatstreets\images\amsterdam.jpg --> malt.dreamhost.com /ballandclaw.com/greatstreets/greatstreets/images amsterdam.jpg
2004.05.13 10:53 B C:\Roy\ballandclaw.com\greatstreets\images\barcelonagracias.jpg --> malt.dreamhost.com /ballandclaw.com/greatstreets/greatstreets/images barcelonagracias.jpg
2004.05.13 10:53 B C:\Roy\ballandclaw.com\greatstreets\images\barcelonaramblas.jpg --> malt.dreamhost.com /ballandclaw.com/greatstreets/greatstreets/images barcelonaramblas.jpg
2004.05.13 10:53 B C:\Roy\ballandclaw.com\greatstreets\images\bari.jpg --> malt.dreamhost.com /ballandclaw.com/greatstreets/greatstreets/images bari.jpg
2004.05.13 10:53 B C:\Roy\ballandclaw.com\greatstreets\images\bath.jpg --> malt.dreamhost.com /ballandclaw.com/greatstreets/greatstreets/images bath.jpg
2004.05.13 10:53 B C:\Roy\ballandclaw.com\greatstreets\images\berlin.jpg --> malt.dreamhost.com /ballandclaw.com/greatstreets/greatstreets/images berlin.jpg
2004.05.13 10:54 B C:\Roy\ballandclaw.com\greatstreets\images\bolognacenter.jpg --> malt.dreamhost.com /ballandclaw.com/greatstreets/greatstreets/images bolognacenter.jpg
2004.05.13 10:54 B C:\Roy\ballandclaw.com\greatstreets\images\bolognavia.jpg --> malt.dreamhost.com /ballandclaw.com/greatstreets/greatstreets/images bolognavia.jpg
2004.05.13 10:54 B C:\Roy\ballandclaw.com\greatstreets\images\boston.jpg --> malt.dreamhost.com /ballandclaw.com/greatstreets/greatstreets/images boston.jpg
2004.05.13 10:54 B C:\Roy\ballandclaw.com\greatstreets\images\brasilia.jpg --> malt.dreamhost.com /ballandclaw.com/greatstreets/greatstreets/images brasilia.jpg
2004.05.13 10:54 B C:\Roy\ballandclaw.com\greatstreets\images\cairo.jpg --> malt.dreamhost.com /ballandclaw.com/greatstreets/greatstreets/images cairo.jpg
2004.05.13 10:54 B C:\Roy\ballandclaw.com\greatstreets\images\copenhagen.jpg --> malt.dreamhost.com /ballandclaw.com/greatstreets/greatstreets/images copenhagen.jpg
2004.05.13 10:54 B C:\Roy\ballandclaw.com\greatstreets\images\florence.jpg --> malt.dreamhost.com /ballandclaw.com/greatstreets/greatstreets/images florence.jpg
2004.05.13 10:54 B C:\Roy\ballandclaw.com\greatstreets\images\home.gif --> malt.dreamhost.com /ballandclaw.com/greatstreets/greatstreets/images home.gif
2004.05.13 10:54 B C:\Roy\ballandclaw.com\greatstreets\images\irvinebusiness.jpg --> malt.dreamhost.com /ballandclaw.com/greatstreets/greatstreets/images irvinebusiness.jpg
2004.05.13 10:54 B C:\Roy\ballandclaw.com\greatstreets\images\irvineresidential.jpg --> malt.dreamhost.com /ballandclaw.com/greatstreets/greatstreets/images irvineresidential.jpg
2004.05.13 10:54 B C:\Roy\ballandclaw.com\greatstreets\images\londoncity.jpg --> malt.dreamhost.com /ballandclaw.com/greatstreets/greatstreets/images londoncity.jpg
2004.05.13 10:54 B C:\Roy\ballandclaw.com\greatstreets\images\londonmayfair.jpg --> malt.dreamhost.com /ballandclaw.com/greatstreets/greatstreets/images londonmayfair.jpg
2004.05.13 10:54 B C:\Roy\ballandclaw.com\greatstreets\images\losangeles.jpg --> malt.dreamhost.com /ballandclaw.com/greatstreets/greatstreets/images losangeles.jpg
2004.05.13 10:54 B C:\Roy\ballandclaw.com\greatstreets\images\losangelessf.jpg --> malt.dreamhost.com /ballandclaw.com/greatstreets/greatstreets/images losangelessf.jpg
2004.05.13 10:54 B C:\Roy\ballandclaw.com\greatstreets\images\lucca.jpg --> malt.dreamhost.com /ballandclaw.com/greatstreets/greatstreets/images lucca.jpg
2004.05.13 10:54 B C:\Roy\ballandclaw.com\greatstreets\images\madrid.jpg --> malt.dreamhost.com /ballandclaw.com/greatstreets/greatstreets/images madrid.jpg
2004.05.13 10:54 B C:\Roy\ballandclaw.com\greatstreets\images\newdelhi.jpg --> malt.dreamhost.com /ballandclaw.com/greatstreets/greatstreets/images newdelhi.jpg
2004.05.13 10:54 B C:\Roy\ballandclaw.com\greatstreets\images\newdelhiconnaught.jpg --> malt.dreamhost.com /ballandclaw.com/greatstreets/greatstreets/images newdelhiconnaught.jpg
2004.05.13 10:54 B C:\Roy\ballandclaw.com\greatstreets\images\newyork.jpg --> malt.dreamhost.com /ballandclaw.com/greatstreets/greatstreets/images newyork.jpg
2004.05.13 10:54 B C:\Roy\ballandclaw.com\greatstreets\images\newyorkmidtown.jpg --> malt.dreamhost.com /ballandclaw.com/greatstreets/greatstreets/images newyorkmidtown.jpg
2004.05.13 10:54 B C:\Roy\ballandclaw.com\greatstreets\images\next.gif --> malt.dreamhost.com /ballandclaw.com/greatstreets/greatstreets/images next.gif
2004.05.13 10:54 B C:\Roy\ballandclaw.com\greatstreets\images\oakland.jpg --> malt.dreamhost.com /ballandclaw.com/greatstreets/greatstreets/images oakland.jpg
2004.05.13 10:54 B C:\Roy\ballandclaw.com\greatstreets\images\parisetoile.jpg --> malt.dreamhost.com /ballandclaw.com/greatstreets/greatstreets/images parisetoile.jpg
2004.05.13 10:54 B C:\Roy\ballandclaw.com\greatstreets\images\parislouvre.jpg --> malt.dreamhost.com /ballandclaw.com/greatstreets/greatstreets/images parislouvre.jpg
2004.05.13 10:54 B C:\Roy\ballandclaw.com\greatstreets\images\philadelphia.jpg --> malt.dreamhost.com /ballandclaw.com/greatstreets/greatstreets/images philadelphia.jpg
2004.05.13 10:54 B C:\Roy\ballandclaw.com\greatstreets\images\portland.jpg --> malt.dreamhost.com /ballandclaw.com/greatstreets/greatstreets/images portland.jpg
2004.05.13 10:54 B C:\Roy\ballandclaw.com\greatstreets\images\previous.gif --> malt.dreamhost.com /ballandclaw.com/greatstreets/greatstreets/images previous.gif
2004.05.13 10:54 B C:\Roy\ballandclaw.com\greatstreets\images\richmond.jpg --> malt.dreamhost.com /ballandclaw.com/greatstreets/greatstreets/images richmond.jpg
2004.05.13 10:54 B C:\Roy\ballandclaw.com\greatstreets\images\rome.jpg --> malt.dreamhost.com /ballandclaw.com/greatstreets/greatstreets/images rome.jpg
2004.05.13 10:54 B C:\Roy\ballandclaw.com\greatstreets\images\sanfran.jpg --> malt.dreamhost.com /ballandclaw.com/greatstreets/greatstreets/images sanfran.jpg
2004.05.13 10:54 B C:\Roy\ballandclaw.com\greatstreets\images\sanfransunset.jpg --> malt.dreamhost.com /ballandclaw.com/greatstreets/greatstreets/images sanfransunset.jpg
2004.05.13 10:54 B C:\Roy\ballandclaw.com\greatstreets\images\santamonica.jpg --> malt.dreamhost.com /ballandclaw.com/greatstreets/greatstreets/images santamonica.jpg
2004.05.13 10:54 B C:\Roy\ballandclaw.com\greatstreets\images\savannah.jpg --> malt.dreamhost.com /ballandclaw.com/greatstreets/greatstreets/images savannah.jpg
2004.05.13 10:54 B C:\Roy\ballandclaw.com\greatstreets\images\seoul.jpg --> malt.dreamhost.com /ballandclaw.com/greatstreets/greatstreets/images seoul.jpg
2004.05.13 10:54 B C:\Roy\ballandclaw.com\greatstreets\images\tokyo.jpg --> malt.dreamhost.com /ballandclaw.com/greatstreets/greatstreets/images tokyo.jpg
2004.05.13 10:54 B C:\Roy\ballandclaw.com\greatstreets\images\toulouse.jpg --> malt.dreamhost.com /ballandclaw.com/greatstreets/greatstreets/images toulouse.jpg
2004.05.13 10:54 B C:\Roy\ballandclaw.com\greatstreets\images\toulouselemirail.jpg --> malt.dreamhost.com /ballandclaw.com/greatstreets/greatstreets/images toulouselemirail.jpg
2004.05.13 10:54 B C:\Roy\ballandclaw.com\greatstreets\images\venice.jpg --> malt.dreamhost.com /ballandclaw.com/greatstreets/greatstreets/images venice.jpg
2004.05.13 10:54 B C:\Roy\ballandclaw.com\greatstreets\images\vienna.jpg --> malt.dreamhost.com /ballandclaw.com/greatstreets/greatstreets/images vienna.jpg
2004.05.13 10:54 B C:\Roy\ballandclaw.com\greatstreets\images\walnutcreek.jpg --> malt.dreamhost.com /ballandclaw.com/greatstreets/greatstreets/images walnutcreek.jpg
2004.05.13 10:54 B C:\Roy\ballandclaw.com\greatstreets\images\washington.jpg --> malt.dreamhost.com /ballandclaw.com/greatstreets/greatstreets/images washington.jpg
2004.05.13 10:54 B C:\Roy\ballandclaw.com\greatstreets\images\zurich.jpg --> malt.dreamhost.com /ballandclaw.com/greatstreets/greatstreets/images zurich.jpg
2004.05.13 10:57 B C:\Roy\ballandclaw.com\greatstreets\images\ahmedabad.jpg --> malt.dreamhost.com /ballandclaw.com/greatstreets/images ahmedabad.jpg
2004.05.13 10:57 B C:\Roy\ballandclaw.com\greatstreets\images\aixenprovence.jpg --> malt.dreamhost.com /ballandclaw.com/greatstreets/images aixenprovence.jpg
2004.05.13 10:57 B C:\Roy\ballandclaw.com\greatstreets\images\amsterdam.jpg --> malt.dreamhost.com /ballandclaw.com/greatstreets/images amsterdam.jpg
2004.05.13 10:57 B C:\Roy\ballandclaw.com\greatstreets\images\barcelonagracias.jpg --> malt.dreamhost.com /ballandclaw.com/greatstreets/images barcelonagracias.jpg
2004.05.13 10:57 B C:\Roy\ballandclaw.com\greatstreets\images\barcelonaramblas.jpg --> malt.dreamhost.com /ballandclaw.com/greatstreets/images barcelonaramblas.jpg
2004.05.13 10:57 B C:\Roy\ballandclaw.com\greatstreets\images\bari.jpg --> malt.dreamhost.com /ballandclaw.com/greatstreets/images bari.jpg
2004.05.13 10:57 B C:\Roy\ballandclaw.com\greatstreets\images\bath.jpg --> malt.dreamhost.com /ballandclaw.com/greatstreets/images bath.jpg
2004.05.13 10:57 B C:\Roy\ballandclaw.com\greatstreets\images\berlin.jpg --> malt.dreamhost.com /ballandclaw.com/greatstreets/images berlin.jpg
2004.05.13 10:58 B C:\Roy\ballandclaw.com\greatstreets\images\bolognacenter.jpg --> malt.dreamhost.com /ballandclaw.com/greatstreets/images bolognacenter.jpg
2004.05.13 10:58 B C:\Roy\ballandclaw.com\greatstreets\images\bolognavia.jpg --> malt.dreamhost.com /ballandclaw.com/greatstreets/images bolognavia.jpg
2004.05.13 10:58 B C:\Roy\ballandclaw.com\greatstreets\images\boston.jpg --> malt.dreamhost.com /ballandclaw.com/greatstreets/images boston.jpg
2004.05.13 10:58 B C:\Roy\ballandclaw.com\greatstreets\images\brasilia.jpg --> malt.dreamhost.com /ballandclaw.com/greatstreets/images brasilia.jpg
2004.05.13 10:58 B C:\Roy\ballandclaw.com\greatstreets\images\cairo.jpg --> malt.dreamhost.com /ballandclaw.com/greatstreets/images cairo.jpg
2004.05.13 10:58 B C:\Roy\ballandclaw.com\greatstreets\images\copenhagen.jpg --> malt.dreamhost.com /ballandclaw.com/greatstreets/images copenhagen.jpg
2004.05.13 10:58 B C:\Roy\ballandclaw.com\greatstreets\images\florence.jpg --> malt.dreamhost.com /ballandclaw.com/greatstreets/images florence.jpg
2004.05.13 10:58 B C:\Roy\ballandclaw.com\greatstreets\images\home.gif --> malt.dreamhost.com /ballandclaw.com/greatstreets/images home.gif
2004.05.13 10:58 B C:\Roy\ballandclaw.com\greatstreets\images\irvinebusiness.jpg --> malt.dreamhost.com /ballandclaw.com/greatstreets/images irvinebusiness.jpg
2004.05.13 10:58 B C:\Roy\ballandclaw.com\greatstreets\images\irvineresidential.jpg --> malt.dreamhost.com /ballandclaw.com/greatstreets/images irvineresidential.jpg
2004.05.13 10:58 B C:\Roy\ballandclaw.com\greatstreets\images\londoncity.jpg --> malt.dreamhost.com /ballandclaw.com/greatstreets/images londoncity.jpg
2004.05.13 10:58 B C:\Roy\ballandclaw.com\greatstreets\images\londonmayfair.jpg --> malt.dreamhost.com /ballandclaw.com/greatstreets/images londonmayfair.jpg
2004.05.13 10:58 B C:\Roy\ballandclaw.com\greatstreets\images\losangeles.jpg --> malt.dreamhost.com /ballandclaw.com/greatstreets/images losangeles.jpg
2004.05.13 10:58 B C:\Roy\ballandclaw.com\greatstreets\images\losangelessf.jpg --> malt.dreamhost.com /ballandclaw.com/greatstreets/images losangelessf.jpg
2004.05.13 10:58 B C:\Roy\ballandclaw.com\greatstreets\images\lucca.jpg --> malt.dreamhost.com /ballandclaw.com/greatstreets/images lucca.jpg
2004.05.13 10:58 B C:\Roy\ballandclaw.com\greatstreets\images\madrid.jpg --> malt.dreamhost.com /ballandclaw.com/greatstreets/images madrid.jpg
2004.05.13 10:58 B C:\Roy\ballandclaw.com\greatstreets\images\newdelhi.jpg --> malt.dreamhost.com /ballandclaw.com/greatstreets/images newdelhi.jpg
2004.05.13 10:58 B C:\Roy\ballandclaw.com\greatstreets\images\newdelhiconnaught.jpg --> malt.dreamhost.com /ballandclaw.com/greatstreets/images newdelhiconnaught.jpg
2004.05.13 10:58 B C:\Roy\ballandclaw.com\greatstreets\images\newyork.jpg --> malt.dreamhost.com /ballandclaw.com/greatstreets/images newyork.jpg
2004.05.13 10:58 B C:\Roy\ballandclaw.com\greatstreets\images\newyorkmidtown.jpg --> malt.dreamhost.com /ballandclaw.com/greatstreets/images newyorkmidtown.jpg
2004.05.13 10:58 B C:\Roy\ballandclaw.com\greatstreets\images\next.gif --> malt.dreamhost.com /ballandclaw.com/greatstreets/images next.gif
2004.05.13 10:58 B C:\Roy\ballandclaw.com\greatstreets\images\oakland.jpg --> malt.dreamhost.com /ballandclaw.com/greatstreets/images oakland.jpg
2004.05.13 10:58 B C:\Roy\ballandclaw.com\greatstreets\images\parisetoile.jpg --> malt.dreamhost.com /ballandclaw.com/greatstreets/images parisetoile.jpg
2004.05.13 10:58 B C:\Roy\ballandclaw.com\greatstreets\images\parislouvre.jpg --> malt.dreamhost.com /ballandclaw.com/greatstreets/images parislouvre.jpg
2004.05.13 10:58 B C:\Roy\ballandclaw.com\greatstreets\images\philadelphia.jpg --> malt.dreamhost.com /ballandclaw.com/greatstreets/images philadelphia.jpg
2004.05.13 10:58 B C:\Roy\ballandclaw.com\greatstreets\images\portland.jpg --> malt.dreamhost.com /ballandclaw.com/greatstreets/images portland.jpg
2004.05.13 10:58 B C:\Roy\ballandclaw.com\greatstreets\images\previous.gif --> malt.dreamhost.com /ballandclaw.com/greatstreets/images previous.gif
2004.05.13 10:58 B C:\Roy\ballandclaw.com\greatstreets\images\richmond.jpg --> malt.dreamhost.com /ballandclaw.com/greatstreets/images richmond.jpg
2004.05.13 10:58 B C:\Roy\ballandclaw.com\greatstreets\images\rome.jpg --> malt.dreamhost.com /ballandclaw.com/greatstreets/images rome.jpg
2004.05.13 10:58 B C:\Roy\ballandclaw.com\greatstreets\images\sanfran.jpg --> malt.dreamhost.com /ballandclaw.com/greatstreets/images sanfran.jpg
2004.05.13 10:58 B C:\Roy\ballandclaw.com\greatstreets\images\sanfransunset.jpg --> malt.dreamhost.com /ballandclaw.com/greatstreets/images sanfransunset.jpg
2004.05.13 10:58 B C:\Roy\ballandclaw.com\greatstreets\images\santamonica.jpg --> malt.dreamhost.com /ballandclaw.com/greatstreets/images santamonica.jpg
2004.05.13 10:58 B C:\Roy\ballandclaw.com\greatstreets\images\savannah.jpg --> malt.dreamhost.com /ballandclaw.com/greatstreets/images savannah.jpg
2004.05.13 10:58 B C:\Roy\ballandclaw.com\greatstreets\images\seoul.jpg --> malt.dreamhost.com /ballandclaw.com/greatstreets/images seoul.jpg
2004.05.13 10:58 B C:\Roy\ballandclaw.com\greatstreets\images\tokyo.jpg --> malt.dreamhost.com /ballandclaw.com/greatstreets/images tokyo.jpg
2004.05.13 10:58 B C:\Roy\ballandclaw.com\greatstreets\images\toulouse.jpg --> malt.dreamhost.com /ballandclaw.com/greatstreets/images toulouse.jpg
2004.05.13 10:58 B C:\Roy\ballandclaw.com\greatstreets\images\toulouselemirail.jpg --> malt.dreamhost.com /ballandclaw.com/greatstreets/images toulouselemirail.jpg
2004.05.13 10:58 B C:\Roy\ballandclaw.com\greatstreets\images\venice.jpg --> malt.dreamhost.com /ballandclaw.com/greatstreets/images venice.jpg
2004.05.13 10:58 B C:\Roy\ballandclaw.com\greatstreets\images\vienna.jpg --> malt.dreamhost.com /ballandclaw.com/greatstreets/images vienna.jpg
2004.05.13 10:58 B C:\Roy\ballandclaw.com\greatstreets\images\walnutcreek.jpg --> malt.dreamhost.com /ballandclaw.com/greatstreets/images walnutcreek.jpg
2004.05.13 10:58 B C:\Roy\ballandclaw.com\greatstreets\images\washington.jpg --> malt.dreamhost.com /ballandclaw.com/greatstreets/images washington.jpg
2004.05.13 10:58 B C:\Roy\ballandclaw.com\greatstreets\images\WS_FTP.LOG --> malt.dreamhost.com /ballandclaw.com/greatstreets/images WS_FTP.LOG
2004.05.13 10:58 B C:\Roy\ballandclaw.com\greatstreets\images\zurich.jpg --> malt.dreamhost.com /ballandclaw.com/greatstreets/images zurich.jpg
