2004.05.13 10:54 B C:\Roy\ballandclaw.com\greatstreets\pages\ahmedabad.html --> malt.dreamhost.com /ballandclaw.com/greatstreets/greatstreets/pages ahmedabad.html
2004.05.13 10:54 B C:\Roy\ballandclaw.com\greatstreets\pages\aixenprovence.html --> malt.dreamhost.com /ballandclaw.com/greatstreets/greatstreets/pages aixenprovence.html
2004.05.13 10:54 B C:\Roy\ballandclaw.com\greatstreets\pages\amsterdam.html --> malt.dreamhost.com /ballandclaw.com/greatstreets/greatstreets/pages amsterdam.html
2004.05.13 10:54 B C:\Roy\ballandclaw.com\greatstreets\pages\barcelonagracias.html --> malt.dreamhost.com /ballandclaw.com/greatstreets/greatstreets/pages barcelonagracias.html
2004.05.13 10:54 B C:\Roy\ballandclaw.com\greatstreets\pages\barcelonaramblas.html --> malt.dreamhost.com /ballandclaw.com/greatstreets/greatstreets/pages barcelonaramblas.html
2004.05.13 10:54 B C:\Roy\ballandclaw.com\greatstreets\pages\bari.html --> malt.dreamhost.com /ballandclaw.com/greatstreets/greatstreets/pages bari.html
2004.05.13 10:54 B C:\Roy\ballandclaw.com\greatstreets\pages\bath.html --> malt.dreamhost.com /ballandclaw.com/greatstreets/greatstreets/pages bath.html
2004.05.13 10:54 B C:\Roy\ballandclaw.com\greatstreets\pages\berlin.html --> malt.dreamhost.com /ballandclaw.com/greatstreets/greatstreets/pages berlin.html
2004.05.13 10:54 B C:\Roy\ballandclaw.com\greatstreets\pages\bolognacenter.html --> malt.dreamhost.com /ballandclaw.com/greatstreets/greatstreets/pages bolognacenter.html
2004.05.13 10:54 B C:\Roy\ballandclaw.com\greatstreets\pages\bolognavia.html --> malt.dreamhost.com /ballandclaw.com/greatstreets/greatstreets/pages bolognavia.html
2004.05.13 10:54 B C:\Roy\ballandclaw.com\greatstreets\pages\boston.html --> malt.dreamhost.com /ballandclaw.com/greatstreets/greatstreets/pages boston.html
2004.05.13 10:54 B C:\Roy\ballandclaw.com\greatstreets\pages\brasilia.html --> malt.dreamhost.com /ballandclaw.com/greatstreets/greatstreets/pages brasilia.html
2004.05.13 10:54 B C:\Roy\ballandclaw.com\greatstreets\pages\cairo.html --> malt.dreamhost.com /ballandclaw.com/greatstreets/greatstreets/pages cairo.html
2004.05.13 10:54 B C:\Roy\ballandclaw.com\greatstreets\pages\copenhagen.html --> malt.dreamhost.com /ballandclaw.com/greatstreets/greatstreets/pages copenhagen.html
2004.05.13 10:54 B C:\Roy\ballandclaw.com\greatstreets\pages\florence.html --> malt.dreamhost.com /ballandclaw.com/greatstreets/greatstreets/pages florence.html
2004.05.13 10:54 B C:\Roy\ballandclaw.com\greatstreets\pages\irvinebusiness.html --> malt.dreamhost.com /ballandclaw.com/greatstreets/greatstreets/pages irvinebusiness.html
2004.05.13 10:54 B C:\Roy\ballandclaw.com\greatstreets\pages\irvineresidential.html --> malt.dreamhost.com /ballandclaw.com/greatstreets/greatstreets/pages irvineresidential.html
2004.05.13 10:54 B C:\Roy\ballandclaw.com\greatstreets\pages\londoncity.html --> malt.dreamhost.com /ballandclaw.com/greatstreets/greatstreets/pages londoncity.html
2004.05.13 10:54 B C:\Roy\ballandclaw.com\greatstreets\pages\londonmayfair.html --> malt.dreamhost.com /ballandclaw.com/greatstreets/greatstreets/pages londonmayfair.html
2004.05.13 10:54 B C:\Roy\ballandclaw.com\greatstreets\pages\losangeles.html --> malt.dreamhost.com /ballandclaw.com/greatstreets/greatstreets/pages losangeles.html
2004.05.13 10:54 B C:\Roy\ballandclaw.com\greatstreets\pages\losangelessf.html --> malt.dreamhost.com /ballandclaw.com/greatstreets/greatstreets/pages losangelessf.html
2004.05.13 10:54 B C:\Roy\ballandclaw.com\greatstreets\pages\lucca.html --> malt.dreamhost.com /ballandclaw.com/greatstreets/greatstreets/pages lucca.html
2004.05.13 10:54 B C:\Roy\ballandclaw.com\greatstreets\pages\madrid.html --> malt.dreamhost.com /ballandclaw.com/greatstreets/greatstreets/pages madrid.html
2004.05.13 10:54 B C:\Roy\ballandclaw.com\greatstreets\pages\newdelhi.html --> malt.dreamhost.com /ballandclaw.com/greatstreets/greatstreets/pages newdelhi.html
2004.05.13 10:54 B C:\Roy\ballandclaw.com\greatstreets\pages\newdelhiconnaught.html --> malt.dreamhost.com /ballandclaw.com/greatstreets/greatstreets/pages newdelhiconnaught.html
2004.05.13 10:54 B C:\Roy\ballandclaw.com\greatstreets\pages\newyork.html --> malt.dreamhost.com /ballandclaw.com/greatstreets/greatstreets/pages newyork.html
2004.05.13 10:54 B C:\Roy\ballandclaw.com\greatstreets\pages\newyorkmidtown.html --> malt.dreamhost.com /ballandclaw.com/greatstreets/greatstreets/pages newyorkmidtown.html
2004.05.13 10:54 B C:\Roy\ballandclaw.com\greatstreets\pages\oakland.html --> malt.dreamhost.com /ballandclaw.com/greatstreets/greatstreets/pages oakland.html
2004.05.13 10:54 B C:\Roy\ballandclaw.com\greatstreets\pages\parisetoile.html --> malt.dreamhost.com /ballandclaw.com/greatstreets/greatstreets/pages parisetoile.html
2004.05.13 10:54 B C:\Roy\ballandclaw.com\greatstreets\pages\parislouvre.html --> malt.dreamhost.com /ballandclaw.com/greatstreets/greatstreets/pages parislouvre.html
2004.05.13 10:54 B C:\Roy\ballandclaw.com\greatstreets\pages\philadelphia.html --> malt.dreamhost.com /ballandclaw.com/greatstreets/greatstreets/pages philadelphia.html
2004.05.13 10:54 B C:\Roy\ballandclaw.com\greatstreets\pages\portland.html --> malt.dreamhost.com /ballandclaw.com/greatstreets/greatstreets/pages portland.html
2004.05.13 10:54 B C:\Roy\ballandclaw.com\greatstreets\pages\richmond.html --> malt.dreamhost.com /ballandclaw.com/greatstreets/greatstreets/pages richmond.html
2004.05.13 10:54 B C:\Roy\ballandclaw.com\greatstreets\pages\rome.html --> malt.dreamhost.com /ballandclaw.com/greatstreets/greatstreets/pages rome.html
2004.05.13 10:54 B C:\Roy\ballandclaw.com\greatstreets\pages\sanfran.html --> malt.dreamhost.com /ballandclaw.com/greatstreets/greatstreets/pages sanfran.html
2004.05.13 10:54 B C:\Roy\ballandclaw.com\greatstreets\pages\sanfransunset.html --> malt.dreamhost.com /ballandclaw.com/greatstreets/greatstreets/pages sanfransunset.html
2004.05.13 10:54 B C:\Roy\ballandclaw.com\greatstreets\pages\santamonica.html --> malt.dreamhost.com /ballandclaw.com/greatstreets/greatstreets/pages santamonica.html
2004.05.13 10:54 B C:\Roy\ballandclaw.com\greatstreets\pages\savannah.html --> malt.dreamhost.com /ballandclaw.com/greatstreets/greatstreets/pages savannah.html
2004.05.13 10:54 B C:\Roy\ballandclaw.com\greatstreets\pages\seoul.html --> malt.dreamhost.com /ballandclaw.com/greatstreets/greatstreets/pages seoul.html
2004.05.13 10:54 B C:\Roy\ballandclaw.com\greatstreets\pages\tokyo.html --> malt.dreamhost.com /ballandclaw.com/greatstreets/greatstreets/pages tokyo.html
2004.05.13 10:54 B C:\Roy\ballandclaw.com\greatstreets\pages\toulouse.html --> malt.dreamhost.com /ballandclaw.com/greatstreets/greatstreets/pages toulouse.html
2004.05.13 10:54 B C:\Roy\ballandclaw.com\greatstreets\pages\toulouselemirail.html --> malt.dreamhost.com /ballandclaw.com/greatstreets/greatstreets/pages toulouselemirail.html
2004.05.13 10:54 B C:\Roy\ballandclaw.com\greatstreets\pages\venice.html --> malt.dreamhost.com /ballandclaw.com/greatstreets/greatstreets/pages venice.html
2004.05.13 10:54 B C:\Roy\ballandclaw.com\greatstreets\pages\vienna.html --> malt.dreamhost.com /ballandclaw.com/greatstreets/greatstreets/pages vienna.html
2004.05.13 10:54 B C:\Roy\ballandclaw.com\greatstreets\pages\walnutcreek.html --> malt.dreamhost.com /ballandclaw.com/greatstreets/greatstreets/pages walnutcreek.html
2004.05.13 10:54 B C:\Roy\ballandclaw.com\greatstreets\pages\washington.html --> malt.dreamhost.com /ballandclaw.com/greatstreets/greatstreets/pages washington.html
2004.05.13 10:54 B C:\Roy\ballandclaw.com\greatstreets\pages\zurich.html --> malt.dreamhost.com /ballandclaw.com/greatstreets/greatstreets/pages zurich.html
2004.05.13 10:58 B C:\Roy\ballandclaw.com\greatstreets\pages\ahmedabad.html --> malt.dreamhost.com /ballandclaw.com/greatstreets/pages ahmedabad.html
2004.05.13 10:58 B C:\Roy\ballandclaw.com\greatstreets\pages\aixenprovence.html --> malt.dreamhost.com /ballandclaw.com/greatstreets/pages aixenprovence.html
2004.05.13 10:58 B C:\Roy\ballandclaw.com\greatstreets\pages\amsterdam.html --> malt.dreamhost.com /ballandclaw.com/greatstreets/pages amsterdam.html
2004.05.13 10:58 B C:\Roy\ballandclaw.com\greatstreets\pages\barcelonagracias.html --> malt.dreamhost.com /ballandclaw.com/greatstreets/pages barcelonagracias.html
2004.05.13 10:58 B C:\Roy\ballandclaw.com\greatstreets\pages\barcelonaramblas.html --> malt.dreamhost.com /ballandclaw.com/greatstreets/pages barcelonaramblas.html
2004.05.13 10:58 B C:\Roy\ballandclaw.com\greatstreets\pages\bari.html --> malt.dreamhost.com /ballandclaw.com/greatstreets/pages bari.html
2004.05.13 10:58 B C:\Roy\ballandclaw.com\greatstreets\pages\bath.html --> malt.dreamhost.com /ballandclaw.com/greatstreets/pages bath.html
2004.05.13 10:58 B C:\Roy\ballandclaw.com\greatstreets\pages\berlin.html --> malt.dreamhost.com /ballandclaw.com/greatstreets/pages berlin.html
2004.05.13 10:58 B C:\Roy\ballandclaw.com\greatstreets\pages\bolognacenter.html --> malt.dreamhost.com /ballandclaw.com/greatstreets/pages bolognacenter.html
2004.05.13 10:58 B C:\Roy\ballandclaw.com\greatstreets\pages\bolognavia.html --> malt.dreamhost.com /ballandclaw.com/greatstreets/pages bolognavia.html
2004.05.13 10:58 B C:\Roy\ballandclaw.com\greatstreets\pages\boston.html --> malt.dreamhost.com /ballandclaw.com/greatstreets/pages boston.html
2004.05.13 10:58 B C:\Roy\ballandclaw.com\greatstreets\pages\brasilia.html --> malt.dreamhost.com /ballandclaw.com/greatstreets/pages brasilia.html
2004.05.13 10:58 B C:\Roy\ballandclaw.com\greatstreets\pages\cairo.html --> malt.dreamhost.com /ballandclaw.com/greatstreets/pages cairo.html
2004.05.13 10:58 B C:\Roy\ballandclaw.com\greatstreets\pages\copenhagen.html --> malt.dreamhost.com /ballandclaw.com/greatstreets/pages copenhagen.html
2004.05.13 10:58 B C:\Roy\ballandclaw.com\greatstreets\pages\florence.html --> malt.dreamhost.com /ballandclaw.com/greatstreets/pages florence.html
2004.05.13 10:58 B C:\Roy\ballandclaw.com\greatstreets\pages\irvinebusiness.html --> malt.dreamhost.com /ballandclaw.com/greatstreets/pages irvinebusiness.html
2004.05.13 10:58 B C:\Roy\ballandclaw.com\greatstreets\pages\irvineresidential.html --> malt.dreamhost.com /ballandclaw.com/greatstreets/pages irvineresidential.html
2004.05.13 10:58 B C:\Roy\ballandclaw.com\greatstreets\pages\londoncity.html --> malt.dreamhost.com /ballandclaw.com/greatstreets/pages londoncity.html
2004.05.13 10:58 B C:\Roy\ballandclaw.com\greatstreets\pages\londonmayfair.html --> malt.dreamhost.com /ballandclaw.com/greatstreets/pages londonmayfair.html
2004.05.13 10:58 B C:\Roy\ballandclaw.com\greatstreets\pages\losangeles.html --> malt.dreamhost.com /ballandclaw.com/greatstreets/pages losangeles.html
2004.05.13 10:58 B C:\Roy\ballandclaw.com\greatstreets\pages\losangelessf.html --> malt.dreamhost.com /ballandclaw.com/greatstreets/pages losangelessf.html
2004.05.13 10:58 B C:\Roy\ballandclaw.com\greatstreets\pages\lucca.html --> malt.dreamhost.com /ballandclaw.com/greatstreets/pages lucca.html
2004.05.13 10:58 B C:\Roy\ballandclaw.com\greatstreets\pages\madrid.html --> malt.dreamhost.com /ballandclaw.com/greatstreets/pages madrid.html
2004.05.13 10:58 B C:\Roy\ballandclaw.com\greatstreets\pages\newdelhi.html --> malt.dreamhost.com /ballandclaw.com/greatstreets/pages newdelhi.html
2004.05.13 10:58 B C:\Roy\ballandclaw.com\greatstreets\pages\newdelhiconnaught.html --> malt.dreamhost.com /ballandclaw.com/greatstreets/pages newdelhiconnaught.html
2004.05.13 10:58 B C:\Roy\ballandclaw.com\greatstreets\pages\newyork.html --> malt.dreamhost.com /ballandclaw.com/greatstreets/pages newyork.html
2004.05.13 10:58 B C:\Roy\ballandclaw.com\greatstreets\pages\newyorkmidtown.html --> malt.dreamhost.com /ballandclaw.com/greatstreets/pages newyorkmidtown.html
2004.05.13 10:58 B C:\Roy\ballandclaw.com\greatstreets\pages\oakland.html --> malt.dreamhost.com /ballandclaw.com/greatstreets/pages oakland.html
2004.05.13 10:58 B C:\Roy\ballandclaw.com\greatstreets\pages\parisetoile.html --> malt.dreamhost.com /ballandclaw.com/greatstreets/pages parisetoile.html
2004.05.13 10:58 B C:\Roy\ballandclaw.com\greatstreets\pages\parislouvre.html --> malt.dreamhost.com /ballandclaw.com/greatstreets/pages parislouvre.html
2004.05.13 10:58 B C:\Roy\ballandclaw.com\greatstreets\pages\philadelphia.html --> malt.dreamhost.com /ballandclaw.com/greatstreets/pages philadelphia.html
2004.05.13 10:58 B C:\Roy\ballandclaw.com\greatstreets\pages\portland.html --> malt.dreamhost.com /ballandclaw.com/greatstreets/pages portland.html
2004.05.13 10:58 B C:\Roy\ballandclaw.com\greatstreets\pages\richmond.html --> malt.dreamhost.com /ballandclaw.com/greatstreets/pages richmond.html
2004.05.13 10:58 B C:\Roy\ballandclaw.com\greatstreets\pages\rome.html --> malt.dreamhost.com /ballandclaw.com/greatstreets/pages rome.html
2004.05.13 10:58 B C:\Roy\ballandclaw.com\greatstreets\pages\sanfran.html --> malt.dreamhost.com /ballandclaw.com/greatstreets/pages sanfran.html
2004.05.13 10:58 B C:\Roy\ballandclaw.com\greatstreets\pages\sanfransunset.html --> malt.dreamhost.com /ballandclaw.com/greatstreets/pages sanfransunset.html
2004.05.13 10:58 B C:\Roy\ballandclaw.com\greatstreets\pages\santamonica.html --> malt.dreamhost.com /ballandclaw.com/greatstreets/pages santamonica.html
2004.05.13 10:58 B C:\Roy\ballandclaw.com\greatstreets\pages\savannah.html --> malt.dreamhost.com /ballandclaw.com/greatstreets/pages savannah.html
2004.05.13 10:58 B C:\Roy\ballandclaw.com\greatstreets\pages\seoul.html --> malt.dreamhost.com /ballandclaw.com/greatstreets/pages seoul.html
2004.05.13 10:58 B C:\Roy\ballandclaw.com\greatstreets\pages\tokyo.html --> malt.dreamhost.com /ballandclaw.com/greatstreets/pages tokyo.html
2004.05.13 10:58 B C:\Roy\ballandclaw.com\greatstreets\pages\toulouse.html --> malt.dreamhost.com /ballandclaw.com/greatstreets/pages toulouse.html
2004.05.13 10:58 B C:\Roy\ballandclaw.com\greatstreets\pages\toulouselemirail.html --> malt.dreamhost.com /ballandclaw.com/greatstreets/pages toulouselemirail.html
2004.05.13 10:58 B C:\Roy\ballandclaw.com\greatstreets\pages\venice.html --> malt.dreamhost.com /ballandclaw.com/greatstreets/pages venice.html
2004.05.13 10:58 B C:\Roy\ballandclaw.com\greatstreets\pages\vienna.html --> malt.dreamhost.com /ballandclaw.com/greatstreets/pages vienna.html
2004.05.13 10:58 B C:\Roy\ballandclaw.com\greatstreets\pages\walnutcreek.html --> malt.dreamhost.com /ballandclaw.com/greatstreets/pages walnutcreek.html
2004.05.13 10:58 B C:\Roy\ballandclaw.com\greatstreets\pages\washington.html --> malt.dreamhost.com /ballandclaw.com/greatstreets/pages washington.html
2004.05.13 10:58 B C:\Roy\ballandclaw.com\greatstreets\pages\WS_FTP.LOG --> malt.dreamhost.com /ballandclaw.com/greatstreets/pages WS_FTP.LOG
2004.05.13 10:58 B C:\Roy\ballandclaw.com\greatstreets\pages\zurich.html --> malt.dreamhost.com /ballandclaw.com/greatstreets/pages zurich.html
