2004.05.13 10:54 B C:\Roy\ballandclaw.com\greatstreets\original\ahmedabad.gif --> malt.dreamhost.com /ballandclaw.com/greatstreets/greatstreets/original ahmedabad.gif
2004.05.13 10:54 B C:\Roy\ballandclaw.com\greatstreets\original\aixenprovence.gif --> malt.dreamhost.com /ballandclaw.com/greatstreets/greatstreets/original aixenprovence.gif
2004.05.13 10:54 B C:\Roy\ballandclaw.com\greatstreets\original\amsterdam.gif --> malt.dreamhost.com /ballandclaw.com/greatstreets/greatstreets/original amsterdam.gif
2004.05.13 10:54 B C:\Roy\ballandclaw.com\greatstreets\original\barcelonagracias.gif --> malt.dreamhost.com /ballandclaw.com/greatstreets/greatstreets/original barcelonagracias.gif
2004.05.13 10:54 B C:\Roy\ballandclaw.com\greatstreets\original\barcelonaramblas.gif --> malt.dreamhost.com /ballandclaw.com/greatstreets/greatstreets/original barcelonaramblas.gif
2004.05.13 10:54 B C:\Roy\ballandclaw.com\greatstreets\original\bari.gif --> malt.dreamhost.com /ballandclaw.com/greatstreets/greatstreets/original bari.gif
2004.05.13 10:54 B C:\Roy\ballandclaw.com\greatstreets\original\bath.gif --> malt.dreamhost.com /ballandclaw.com/greatstreets/greatstreets/original bath.gif
2004.05.13 10:54 B C:\Roy\ballandclaw.com\greatstreets\original\berlin.gif --> malt.dreamhost.com /ballandclaw.com/greatstreets/greatstreets/original berlin.gif
2004.05.13 10:54 B C:\Roy\ballandclaw.com\greatstreets\original\bolognacenter.gif --> malt.dreamhost.com /ballandclaw.com/greatstreets/greatstreets/original bolognacenter.gif
2004.05.13 10:54 B C:\Roy\ballandclaw.com\greatstreets\original\bolognavia.gif --> malt.dreamhost.com /ballandclaw.com/greatstreets/greatstreets/original bolognavia.gif
2004.05.13 10:54 B C:\Roy\ballandclaw.com\greatstreets\original\boston.gif --> malt.dreamhost.com /ballandclaw.com/greatstreets/greatstreets/original boston.gif
2004.05.13 10:54 B C:\Roy\ballandclaw.com\greatstreets\original\brasilia.gif --> malt.dreamhost.com /ballandclaw.com/greatstreets/greatstreets/original brasilia.gif
2004.05.13 10:54 B C:\Roy\ballandclaw.com\greatstreets\original\cairo.gif --> malt.dreamhost.com /ballandclaw.com/greatstreets/greatstreets/original cairo.gif
2004.05.13 10:54 B C:\Roy\ballandclaw.com\greatstreets\original\copenhagen.gif --> malt.dreamhost.com /ballandclaw.com/greatstreets/greatstreets/original copenhagen.gif
2004.05.13 10:54 B C:\Roy\ballandclaw.com\greatstreets\original\florence.gif --> malt.dreamhost.com /ballandclaw.com/greatstreets/greatstreets/original florence.gif
2004.05.13 10:54 B C:\Roy\ballandclaw.com\greatstreets\original\irvinebusiness.gif --> malt.dreamhost.com /ballandclaw.com/greatstreets/greatstreets/original irvinebusiness.gif
2004.05.13 10:54 B C:\Roy\ballandclaw.com\greatstreets\original\irvineresidential.gif --> malt.dreamhost.com /ballandclaw.com/greatstreets/greatstreets/original irvineresidential.gif
2004.05.13 10:54 B C:\Roy\ballandclaw.com\greatstreets\original\londoncity.gif --> malt.dreamhost.com /ballandclaw.com/greatstreets/greatstreets/original londoncity.gif
2004.05.13 10:54 B C:\Roy\ballandclaw.com\greatstreets\original\londonmayfair.gif --> malt.dreamhost.com /ballandclaw.com/greatstreets/greatstreets/original londonmayfair.gif
2004.05.13 10:54 B C:\Roy\ballandclaw.com\greatstreets\original\losangeles.gif --> malt.dreamhost.com /ballandclaw.com/greatstreets/greatstreets/original losangeles.gif
2004.05.13 10:54 B C:\Roy\ballandclaw.com\greatstreets\original\losangelessf.gif --> malt.dreamhost.com /ballandclaw.com/greatstreets/greatstreets/original losangelessf.gif
2004.05.13 10:54 B C:\Roy\ballandclaw.com\greatstreets\original\lucca.gif --> malt.dreamhost.com /ballandclaw.com/greatstreets/greatstreets/original lucca.gif
2004.05.13 10:54 B C:\Roy\ballandclaw.com\greatstreets\original\madrid.gif --> malt.dreamhost.com /ballandclaw.com/greatstreets/greatstreets/original madrid.gif
2004.05.13 10:54 B C:\Roy\ballandclaw.com\greatstreets\original\newdelhi.gif --> malt.dreamhost.com /ballandclaw.com/greatstreets/greatstreets/original newdelhi.gif
2004.05.13 10:54 B C:\Roy\ballandclaw.com\greatstreets\original\newdelhiconnaught.gif --> malt.dreamhost.com /ballandclaw.com/greatstreets/greatstreets/original newdelhiconnaught.gif
2004.05.13 10:54 B C:\Roy\ballandclaw.com\greatstreets\original\newyork.gif --> malt.dreamhost.com /ballandclaw.com/greatstreets/greatstreets/original newyork.gif
2004.05.13 10:54 B C:\Roy\ballandclaw.com\greatstreets\original\newyorkmidtown.gif --> malt.dreamhost.com /ballandclaw.com/greatstreets/greatstreets/original newyorkmidtown.gif
2004.05.13 10:54 B C:\Roy\ballandclaw.com\greatstreets\original\oakland.gif --> malt.dreamhost.com /ballandclaw.com/greatstreets/greatstreets/original oakland.gif
2004.05.13 10:54 B C:\Roy\ballandclaw.com\greatstreets\original\parisetoile.gif --> malt.dreamhost.com /ballandclaw.com/greatstreets/greatstreets/original parisetoile.gif
2004.05.13 10:54 B C:\Roy\ballandclaw.com\greatstreets\original\parislouvre.gif --> malt.dreamhost.com /ballandclaw.com/greatstreets/greatstreets/original parislouvre.gif
2004.05.13 10:54 B C:\Roy\ballandclaw.com\greatstreets\original\philadelphia.gif --> malt.dreamhost.com /ballandclaw.com/greatstreets/greatstreets/original philadelphia.gif
2004.05.13 10:54 B C:\Roy\ballandclaw.com\greatstreets\original\portland.gif --> malt.dreamhost.com /ballandclaw.com/greatstreets/greatstreets/original portland.gif
2004.05.13 10:54 B C:\Roy\ballandclaw.com\greatstreets\original\richmond.gif --> malt.dreamhost.com /ballandclaw.com/greatstreets/greatstreets/original richmond.gif
2004.05.13 10:54 B C:\Roy\ballandclaw.com\greatstreets\original\rome.gif --> malt.dreamhost.com /ballandclaw.com/greatstreets/greatstreets/original rome.gif
2004.05.13 10:54 B C:\Roy\ballandclaw.com\greatstreets\original\sanfran.gif --> malt.dreamhost.com /ballandclaw.com/greatstreets/greatstreets/original sanfran.gif
2004.05.13 10:54 B C:\Roy\ballandclaw.com\greatstreets\original\sanfransunset.gif --> malt.dreamhost.com /ballandclaw.com/greatstreets/greatstreets/original sanfransunset.gif
2004.05.13 10:54 B C:\Roy\ballandclaw.com\greatstreets\original\santamonica.gif --> malt.dreamhost.com /ballandclaw.com/greatstreets/greatstreets/original santamonica.gif
2004.05.13 10:54 B C:\Roy\ballandclaw.com\greatstreets\original\savannah.gif --> malt.dreamhost.com /ballandclaw.com/greatstreets/greatstreets/original savannah.gif
2004.05.13 10:54 B C:\Roy\ballandclaw.com\greatstreets\original\seoul.gif --> malt.dreamhost.com /ballandclaw.com/greatstreets/greatstreets/original seoul.gif
2004.05.13 10:54 B C:\Roy\ballandclaw.com\greatstreets\original\tokyo.gif --> malt.dreamhost.com /ballandclaw.com/greatstreets/greatstreets/original tokyo.gif
2004.05.13 10:54 B C:\Roy\ballandclaw.com\greatstreets\original\toulouse.gif --> malt.dreamhost.com /ballandclaw.com/greatstreets/greatstreets/original toulouse.gif
2004.05.13 10:54 B C:\Roy\ballandclaw.com\greatstreets\original\toulouselemirail.gif --> malt.dreamhost.com /ballandclaw.com/greatstreets/greatstreets/original toulouselemirail.gif
2004.05.13 10:54 B C:\Roy\ballandclaw.com\greatstreets\original\venice.gif --> malt.dreamhost.com /ballandclaw.com/greatstreets/greatstreets/original venice.gif
2004.05.13 10:54 B C:\Roy\ballandclaw.com\greatstreets\original\vienna.gif --> malt.dreamhost.com /ballandclaw.com/greatstreets/greatstreets/original vienna.gif
2004.05.13 10:54 B C:\Roy\ballandclaw.com\greatstreets\original\walnutcreek.gif --> malt.dreamhost.com /ballandclaw.com/greatstreets/greatstreets/original walnutcreek.gif
2004.05.13 10:54 B C:\Roy\ballandclaw.com\greatstreets\original\washington.gif --> malt.dreamhost.com /ballandclaw.com/greatstreets/greatstreets/original washington.gif
2004.05.13 10:54 B C:\Roy\ballandclaw.com\greatstreets\original\zurich.gif --> malt.dreamhost.com /ballandclaw.com/greatstreets/greatstreets/original zurich.gif
2004.05.13 10:58 B C:\Roy\ballandclaw.com\greatstreets\original\ahmedabad.gif --> malt.dreamhost.com /ballandclaw.com/greatstreets/original ahmedabad.gif
2004.05.13 10:58 B C:\Roy\ballandclaw.com\greatstreets\original\aixenprovence.gif --> malt.dreamhost.com /ballandclaw.com/greatstreets/original aixenprovence.gif
2004.05.13 10:58 B C:\Roy\ballandclaw.com\greatstreets\original\amsterdam.gif --> malt.dreamhost.com /ballandclaw.com/greatstreets/original amsterdam.gif
2004.05.13 10:58 B C:\Roy\ballandclaw.com\greatstreets\original\barcelonagracias.gif --> malt.dreamhost.com /ballandclaw.com/greatstreets/original barcelonagracias.gif
2004.05.13 10:58 B C:\Roy\ballandclaw.com\greatstreets\original\barcelonaramblas.gif --> malt.dreamhost.com /ballandclaw.com/greatstreets/original barcelonaramblas.gif
2004.05.13 10:58 B C:\Roy\ballandclaw.com\greatstreets\original\bari.gif --> malt.dreamhost.com /ballandclaw.com/greatstreets/original bari.gif
2004.05.13 10:58 B C:\Roy\ballandclaw.com\greatstreets\original\bath.gif --> malt.dreamhost.com /ballandclaw.com/greatstreets/original bath.gif
2004.05.13 10:58 B C:\Roy\ballandclaw.com\greatstreets\original\berlin.gif --> malt.dreamhost.com /ballandclaw.com/greatstreets/original berlin.gif
2004.05.13 10:58 B C:\Roy\ballandclaw.com\greatstreets\original\bolognacenter.gif --> malt.dreamhost.com /ballandclaw.com/greatstreets/original bolognacenter.gif
2004.05.13 10:58 B C:\Roy\ballandclaw.com\greatstreets\original\bolognavia.gif --> malt.dreamhost.com /ballandclaw.com/greatstreets/original bolognavia.gif
2004.05.13 10:58 B C:\Roy\ballandclaw.com\greatstreets\original\boston.gif --> malt.dreamhost.com /ballandclaw.com/greatstreets/original boston.gif
2004.05.13 10:58 B C:\Roy\ballandclaw.com\greatstreets\original\brasilia.gif --> malt.dreamhost.com /ballandclaw.com/greatstreets/original brasilia.gif
2004.05.13 10:58 B C:\Roy\ballandclaw.com\greatstreets\original\cairo.gif --> malt.dreamhost.com /ballandclaw.com/greatstreets/original cairo.gif
2004.05.13 10:58 B C:\Roy\ballandclaw.com\greatstreets\original\copenhagen.gif --> malt.dreamhost.com /ballandclaw.com/greatstreets/original copenhagen.gif
2004.05.13 10:58 B C:\Roy\ballandclaw.com\greatstreets\original\florence.gif --> malt.dreamhost.com /ballandclaw.com/greatstreets/original florence.gif
2004.05.13 10:58 B C:\Roy\ballandclaw.com\greatstreets\original\irvinebusiness.gif --> malt.dreamhost.com /ballandclaw.com/greatstreets/original irvinebusiness.gif
2004.05.13 10:58 B C:\Roy\ballandclaw.com\greatstreets\original\irvineresidential.gif --> malt.dreamhost.com /ballandclaw.com/greatstreets/original irvineresidential.gif
2004.05.13 10:58 B C:\Roy\ballandclaw.com\greatstreets\original\londoncity.gif --> malt.dreamhost.com /ballandclaw.com/greatstreets/original londoncity.gif
2004.05.13 10:58 B C:\Roy\ballandclaw.com\greatstreets\original\londonmayfair.gif --> malt.dreamhost.com /ballandclaw.com/greatstreets/original londonmayfair.gif
2004.05.13 10:58 B C:\Roy\ballandclaw.com\greatstreets\original\losangeles.gif --> malt.dreamhost.com /ballandclaw.com/greatstreets/original losangeles.gif
2004.05.13 10:58 B C:\Roy\ballandclaw.com\greatstreets\original\losangelessf.gif --> malt.dreamhost.com /ballandclaw.com/greatstreets/original losangelessf.gif
2004.05.13 10:58 B C:\Roy\ballandclaw.com\greatstreets\original\lucca.gif --> malt.dreamhost.com /ballandclaw.com/greatstreets/original lucca.gif
2004.05.13 10:58 B C:\Roy\ballandclaw.com\greatstreets\original\madrid.gif --> malt.dreamhost.com /ballandclaw.com/greatstreets/original madrid.gif
2004.05.13 10:58 B C:\Roy\ballandclaw.com\greatstreets\original\newdelhi.gif --> malt.dreamhost.com /ballandclaw.com/greatstreets/original newdelhi.gif
2004.05.13 10:58 B C:\Roy\ballandclaw.com\greatstreets\original\newdelhiconnaught.gif --> malt.dreamhost.com /ballandclaw.com/greatstreets/original newdelhiconnaught.gif
2004.05.13 10:58 B C:\Roy\ballandclaw.com\greatstreets\original\newyork.gif --> malt.dreamhost.com /ballandclaw.com/greatstreets/original newyork.gif
2004.05.13 10:58 B C:\Roy\ballandclaw.com\greatstreets\original\newyorkmidtown.gif --> malt.dreamhost.com /ballandclaw.com/greatstreets/original newyorkmidtown.gif
2004.05.13 10:58 B C:\Roy\ballandclaw.com\greatstreets\original\oakland.gif --> malt.dreamhost.com /ballandclaw.com/greatstreets/original oakland.gif
2004.05.13 10:58 B C:\Roy\ballandclaw.com\greatstreets\original\parisetoile.gif --> malt.dreamhost.com /ballandclaw.com/greatstreets/original parisetoile.gif
2004.05.13 10:58 B C:\Roy\ballandclaw.com\greatstreets\original\parislouvre.gif --> malt.dreamhost.com /ballandclaw.com/greatstreets/original parislouvre.gif
2004.05.13 10:58 B C:\Roy\ballandclaw.com\greatstreets\original\philadelphia.gif --> malt.dreamhost.com /ballandclaw.com/greatstreets/original philadelphia.gif
2004.05.13 10:58 B C:\Roy\ballandclaw.com\greatstreets\original\portland.gif --> malt.dreamhost.com /ballandclaw.com/greatstreets/original portland.gif
2004.05.13 10:58 B C:\Roy\ballandclaw.com\greatstreets\original\richmond.gif --> malt.dreamhost.com /ballandclaw.com/greatstreets/original richmond.gif
2004.05.13 10:58 B C:\Roy\ballandclaw.com\greatstreets\original\rome.gif --> malt.dreamhost.com /ballandclaw.com/greatstreets/original rome.gif
2004.05.13 10:58 B C:\Roy\ballandclaw.com\greatstreets\original\sanfran.gif --> malt.dreamhost.com /ballandclaw.com/greatstreets/original sanfran.gif
2004.05.13 10:58 B C:\Roy\ballandclaw.com\greatstreets\original\sanfransunset.gif --> malt.dreamhost.com /ballandclaw.com/greatstreets/original sanfransunset.gif
2004.05.13 10:58 B C:\Roy\ballandclaw.com\greatstreets\original\santamonica.gif --> malt.dreamhost.com /ballandclaw.com/greatstreets/original santamonica.gif
2004.05.13 10:58 B C:\Roy\ballandclaw.com\greatstreets\original\savannah.gif --> malt.dreamhost.com /ballandclaw.com/greatstreets/original savannah.gif
2004.05.13 10:58 B C:\Roy\ballandclaw.com\greatstreets\original\seoul.gif --> malt.dreamhost.com /ballandclaw.com/greatstreets/original seoul.gif
2004.05.13 10:58 B C:\Roy\ballandclaw.com\greatstreets\original\tokyo.gif --> malt.dreamhost.com /ballandclaw.com/greatstreets/original tokyo.gif
2004.05.13 10:58 B C:\Roy\ballandclaw.com\greatstreets\original\toulouse.gif --> malt.dreamhost.com /ballandclaw.com/greatstreets/original toulouse.gif
2004.05.13 10:58 B C:\Roy\ballandclaw.com\greatstreets\original\toulouselemirail.gif --> malt.dreamhost.com /ballandclaw.com/greatstreets/original toulouselemirail.gif
2004.05.13 10:58 B C:\Roy\ballandclaw.com\greatstreets\original\venice.gif --> malt.dreamhost.com /ballandclaw.com/greatstreets/original venice.gif
2004.05.13 10:58 B C:\Roy\ballandclaw.com\greatstreets\original\vienna.gif --> malt.dreamhost.com /ballandclaw.com/greatstreets/original vienna.gif
2004.05.13 10:58 B C:\Roy\ballandclaw.com\greatstreets\original\walnutcreek.gif --> malt.dreamhost.com /ballandclaw.com/greatstreets/original walnutcreek.gif
2004.05.13 10:58 B C:\Roy\ballandclaw.com\greatstreets\original\washington.gif --> malt.dreamhost.com /ballandclaw.com/greatstreets/original washington.gif
2004.05.13 10:58 B C:\Roy\ballandclaw.com\greatstreets\original\WS_FTP.LOG --> malt.dreamhost.com /ballandclaw.com/greatstreets/original WS_FTP.LOG
2004.05.13 10:58 B C:\Roy\ballandclaw.com\greatstreets\original\zurich.gif --> malt.dreamhost.com /ballandclaw.com/greatstreets/original zurich.gif
